File: /var/www/playground/sandbox/index.php
Line: 6
Class: REQUEST_DISPATCHER
Function: dispatch
php_uname: avi-Compaq-PC
arrProcess: Array
(
    [name] => www-data
    [passwd] => x
    [uid] => 33
    [gid] => 33
    [gecos] => www-data
    [dir] => /var/www
    [shell] => /bin/sh
)

strFilePath: ubuntu.dns04.com/sandbox/index/pagination/MOM_TRADE_SESS:m23oparitbel1sia4k7ikhosh5/page:3
start: 2012-06-29 12:28:53
End: 2012-06-29 12:28:55
Execution Time: 2.2898
Max Time: 2
SQL: SELECT SQL_CALC_FOUND_ROWS SQL_NO_CACHE meta_tag,meta_value,meta_prefix FROM page_meta a  WHERE 1=1  AND pageUrl IN ('/sandbox/index/pagination/MOM_TRADE_SESS:m23oparitbel1sia4k7ikhosh5/page:3', '/sandbox/index/pagination/MOM_TRADE_SESS:m23oparitbel1sia4k7ikhosh5/*')  GROUP BY meta_tag  ORDER BY order_index ASC 
---------------------------------------------------------------------------------------
